<?xml version="1.0" encoding="UTF-8"?>
<testng-results ignored="0" total="1" passed="1" failed="0" skipped="0">
  <reporter-output>
  </reporter-output>
  <suite started-at="2021-07-01T22:48:01 PDT" name="Surefire suite" finished-at="2021-07-01T22:49:06 PDT" duration-ms="64491">
    <groups>
      <group name="cucumber">
        <method signature="AbstractTestNGCucumberTests.feature(cucumber.api.testng.CucumberFeatureWrapper)[pri:0, instance:TestRunneerrr2.TestRunneerrr2@4802796d]" name="feature" class="cucumber.api.testng.AbstractTestNGCucumberTests"/>
      </group> <!-- cucumber -->
    </groups>
    <test started-at="2021-07-01T22:48:01 PDT" name="Surefire test" finished-at="2021-07-01T22:49:06 PDT" duration-ms="64491">
      <class name="TestRunneerrr2.TestRunneerrr2">
        <test-method is-config="true" signature="setUpClass()[pri:0, instance:TestRunneerrr2.TestRunneerrr2@4802796d]" started-at="2021-07-01T22:48:01 PDT" name="setUpClass" finished-at="2021-07-01T22:48:01 PDT" duration-ms="355" status="PASS">
          <reporter-output>
          </reporter-output>
        </test-method> <!-- setUpClass -->
        <test-method signature="feature(cucumber.api.testng.CucumberFeatureWrapper)[pri:0, instance:TestRunneerrr2.TestRunneerrr2@4802796d]" started-at="2021-07-01T22:48:02 PDT" name="feature" description="Runs Cucumber Feature" data-provider="features" finished-at="2021-07-01T22:49:05 PDT" duration-ms="63800" status="PASS">
          <params>
            <param index="0">
              <value>
                <![CDATA[Amazon functionality]]>
              </value>
            </param>
          </params>
          <reporter-output>
          </reporter-output>
        </test-method> <!-- feature -->
        <test-method is-config="true" signature="tearDownClass()[pri:0, instance:TestRunneerrr2.TestRunneerrr2@4802796d]" started-at="2021-07-01T22:49:05 PDT" name="tearDownClass" finished-at="2021-07-01T22:49:06 PDT" duration-ms="147" status="PASS">
          <reporter-output>
          </reporter-output>
        </test-method> <!-- tearDownClass -->
      </class> <!-- TestRunneerrr2.TestRunneerrr2 -->
    </test> <!-- Surefire test -->
  </suite> <!-- Surefire suite -->
</testng-results>
